{"C:\\Users\\ABC\\Documents\\aplication\\project-ts-express\\src\\config\\database.js": {"path":"C:\\Users\\ABC\\Documents\\aplication\\project-ts-express\\src\\config\\database.js","statementMap":{"0":{"start":{"line":1,"column":0},"end":{"line":1,"column":27}},"1":{"start":{"line":4,"column":0},"end":{"line":26,"column":1}}},"fnMap":{},"branchMap":{},"s":{"0":2,"1":2},"f":{},"b":{},"inputSourceMap":null,"_coverageSchema":"1a1c01bbd47fc00a2c39e90264f33305004495a9","hash":"0977eecfdf1d152637f01eb75dda3ce91fd030ea"}
,"C:\\Users\\ABC\\Documents\\aplication\\project-ts-express\\src\\db\\models\\comment.js": {"path":"C:\\Users\\ABC\\Documents\\aplication\\project-ts-express\\src\\db\\models\\comment.js","statementMap":{"0":{"start":{"line":4,"column":4},"end":{"line":4,"column":24}},"1":{"start":{"line":5,"column":0},"end":{"line":30,"column":2}},"2":{"start":{"line":14,"column":6},"end":{"line":14,"column":37}},"3":{"start":{"line":15,"column":6},"end":{"line":15,"column":38}},"4":{"start":{"line":18,"column":2},"end":{"line":28,"column":5}},"5":{"start":{"line":29,"column":2},"end":{"line":29,"column":17}}},"fnMap":{"0":{"name":"(anonymous_0)","decl":{"start":{"line":5,"column":17},"end":{"line":5,"column":18}},"loc":{"start":{"line":5,"column":43},"end":{"line":30,"column":1}},"line":5},"1":{"name":"(anonymous_1)","decl":{"start":{"line":12,"column":4},"end":{"line":12,"column":5}},"loc":{"start":{"line":12,"column":29},"end":{"line":16,"column":5}},"line":12}},"branchMap":{},"s":{"0":2,"1":2,"2":2,"3":2,"4":2,"5":2},"f":{"0":2,"1":2},"b":{},"inputSourceMap":null,"_coverageSchema":"1a1c01bbd47fc00a2c39e90264f33305004495a9","hash":"e21e727c40c80379dfe6845e41f34e708d1fa21f"}
,"C:\\Users\\ABC\\Documents\\aplication\\project-ts-express\\src\\db\\models\\index.js": {"path":"C:\\Users\\ABC\\Documents\\aplication\\project-ts-express\\src\\db\\models\\index.js","statementMap":{"0":{"start":{"line":3,"column":11},"end":{"line":3,"column":24}},"1":{"start":{"line":4,"column":13},"end":{"line":4,"column":28}},"2":{"start":{"line":5,"column":18},"end":{"line":5,"column":38}},"3":{"start":{"line":6,"column":16},"end":{"line":6,"column":34}},"4":{"start":{"line":7,"column":17},"end":{"line":7,"column":42}},"5":{"start":{"line":8,"column":12},"end":{"line":8,"column":49}},"6":{"start":{"line":9,"column":15},"end":{"line":9,"column":68}},"7":{"start":{"line":10,"column":11},"end":{"line":10,"column":13}},"8":{"start":{"line":13,"column":0},"end":{"line":17,"column":1}},"9":{"start":{"line":14,"column":2},"end":{"line":14,"column":74}},"10":{"start":{"line":16,"column":2},"end":{"line":16,"column":87}},"11":{"start":{"line":19,"column":0},"end":{"line":32,"column":5}},"12":{"start":{"line":22,"column":4},"end":{"line":27,"column":6}},"13":{"start":{"line":30,"column":18},"end":{"line":30,"column":85}},"14":{"start":{"line":31,"column":4},"end":{"line":31,"column":27}},"15":{"start":{"line":34,"column":0},"end":{"line":38,"column":3}},"16":{"start":{"line":35,"column":2},"end":{"line":37,"column":3}},"17":{"start":{"line":36,"column":4},"end":{"line":36,"column":32}},"18":{"start":{"line":40,"column":0},"end":{"line":40,"column":25}},"19":{"start":{"line":41,"column":0},"end":{"line":41,"column":25}},"20":{"start":{"line":43,"column":0},"end":{"line":43,"column":20}}},"fnMap":{"0":{"name":"(anonymous_0)","decl":{"start":{"line":21,"column":10},"end":{"line":21,"column":11}},"loc":{"start":{"line":21,"column":18},"end":{"line":28,"column":3}},"line":21},"1":{"name":"(anonymous_1)","decl":{"start":{"line":29,"column":11},"end":{"line":29,"column":12}},"loc":{"start":{"line":29,"column":19},"end":{"line":32,"column":3}},"line":29},"2":{"name":"(anonymous_2)","decl":{"start":{"line":34,"column":24},"end":{"line":34,"column":25}},"loc":{"start":{"line":34,"column":37},"end":{"line":38,"column":1}},"line":34}},"branchMap":{"0":{"loc":{"start":{"line":8,"column":12},"end":{"line":8,"column":49}},"type":"binary-expr","locations":[{"start":{"line":8,"column":12},"end":{"line":8,"column":32}},{"start":{"line":8,"column":36},"end":{"line":8,"column":49}}],"line":8},"1":{"loc":{"start":{"line":13,"column":0},"end":{"line":17,"column":1}},"type":"if","locations":[{"start":{"line":13,"column":0},"end":{"line":17,"column":1}},{"start":{"line":15,"column":7},"end":{"line":17,"column":1}}],"line":13},"2":{"loc":{"start":{"line":23,"column":6},"end":{"line":26,"column":37}},"type":"binary-expr","locations":[{"start":{"line":23,"column":6},"end":{"line":23,"column":29}},{"start":{"line":24,"column":6},"end":{"line":24,"column":23}},{"start":{"line":25,"column":6},"end":{"line":25,"column":30}},{"start":{"line":26,"column":6},"end":{"line":26,"column":37}}],"line":23},"3":{"loc":{"start":{"line":35,"column":2},"end":{"line":37,"column":3}},"type":"if","locations":[{"start":{"line":35,"column":2},"end":{"line":37,"column":3}},{"start":{},"end":{}}],"line":35}},"s":{"0":2,"1":2,"2":2,"3":2,"4":2,"5":2,"6":2,"7":2,"8":2,"9":0,"10":2,"11":2,"12":10,"13":8,"14":8,"15":2,"16":8,"17":8,"18":2,"19":2,"20":2},"f":{"0":10,"1":8,"2":8},"b":{"0":[2,0],"1":[0,2],"2":[10,10,8,8],"3":[8,0]},"inputSourceMap":null,"_coverageSchema":"1a1c01bbd47fc00a2c39e90264f33305004495a9","hash":"b69ad8c4804b25bcd9d9a2990e9f116f899cc238"}
,"C:\\Users\\ABC\\Documents\\aplication\\project-ts-express\\src\\db\\models\\like.js": {"path":"C:\\Users\\ABC\\Documents\\aplication\\project-ts-express\\src\\db\\models\\like.js","statementMap":{"0":{"start":{"line":4,"column":4},"end":{"line":4,"column":24}},"1":{"start":{"line":5,"column":0},"end":{"line":36,"column":2}},"2":{"start":{"line":14,"column":6},"end":{"line":16,"column":9}},"3":{"start":{"line":17,"column":6},"end":{"line":19,"column":9}},"4":{"start":{"line":22,"column":2},"end":{"line":34,"column":5}},"5":{"start":{"line":35,"column":2},"end":{"line":35,"column":14}}},"fnMap":{"0":{"name":"(anonymous_0)","decl":{"start":{"line":5,"column":17},"end":{"line":5,"column":18}},"loc":{"start":{"line":5,"column":43},"end":{"line":36,"column":1}},"line":5},"1":{"name":"(anonymous_1)","decl":{"start":{"line":12,"column":4},"end":{"line":12,"column":5}},"loc":{"start":{"line":12,"column":29},"end":{"line":20,"column":5}},"line":12}},"branchMap":{},"s":{"0":2,"1":2,"2":2,"3":2,"4":2,"5":2},"f":{"0":2,"1":2},"b":{},"inputSourceMap":null,"_coverageSchema":"1a1c01bbd47fc00a2c39e90264f33305004495a9","hash":"3c361212479857d37d31af0627351de19bcec342"}
,"C:\\Users\\ABC\\Documents\\aplication\\project-ts-express\\src\\db\\models\\thread.js": {"path":"C:\\Users\\ABC\\Documents\\aplication\\project-ts-express\\src\\db\\models\\thread.js","statementMap":{"0":{"start":{"line":4,"column":4},"end":{"line":4,"column":24}},"1":{"start":{"line":5,"column":0},"end":{"line":37,"column":2}},"2":{"start":{"line":13,"column":6},"end":{"line":15,"column":9}},"3":{"start":{"line":16,"column":6},"end":{"line":18,"column":9}},"4":{"start":{"line":19,"column":6},"end":{"line":21,"column":9}},"5":{"start":{"line":24,"column":2},"end":{"line":35,"column":5}},"6":{"start":{"line":36,"column":2},"end":{"line":36,"column":16}}},"fnMap":{"0":{"name":"(anonymous_0)","decl":{"start":{"line":5,"column":17},"end":{"line":5,"column":18}},"loc":{"start":{"line":5,"column":43},"end":{"line":37,"column":1}},"line":5},"1":{"name":"(anonymous_1)","decl":{"start":{"line":12,"column":4},"end":{"line":12,"column":5}},"loc":{"start":{"line":12,"column":29},"end":{"line":22,"column":5}},"line":12}},"branchMap":{},"s":{"0":2,"1":2,"2":2,"3":2,"4":2,"5":2,"6":2},"f":{"0":2,"1":2},"b":{},"inputSourceMap":null,"_coverageSchema":"1a1c01bbd47fc00a2c39e90264f33305004495a9","hash":"147080da5dfc604c63e03a5e4902c067e50f0527"}
,"C:\\Users\\ABC\\Documents\\aplication\\project-ts-express\\src\\db\\models\\user.js": {"path":"C:\\Users\\ABC\\Documents\\aplication\\project-ts-express\\src\\db\\models\\user.js","statementMap":{"0":{"start":{"line":4,"column":4},"end":{"line":4,"column":24}},"1":{"start":{"line":5,"column":0},"end":{"line":49,"column":2}},"2":{"start":{"line":14,"column":6},"end":{"line":17,"column":9}},"3":{"start":{"line":18,"column":6},"end":{"line":21,"column":9}},"4":{"start":{"line":22,"column":6},"end":{"line":25,"column":9}},"5":{"start":{"line":28,"column":2},"end":{"line":47,"column":5}},"6":{"start":{"line":48,"column":2},"end":{"line":48,"column":14}}},"fnMap":{"0":{"name":"(anonymous_0)","decl":{"start":{"line":5,"column":17},"end":{"line":5,"column":18}},"loc":{"start":{"line":5,"column":43},"end":{"line":49,"column":1}},"line":5},"1":{"name":"(anonymous_1)","decl":{"start":{"line":12,"column":4},"end":{"line":12,"column":5}},"loc":{"start":{"line":12,"column":29},"end":{"line":26,"column":5}},"line":12}},"branchMap":{},"s":{"0":2,"1":2,"2":2,"3":2,"4":2,"5":2,"6":2},"f":{"0":2,"1":2},"b":{},"inputSourceMap":null,"_coverageSchema":"1a1c01bbd47fc00a2c39e90264f33305004495a9","hash":"92ce83eb62d82a96e89b2e59de665bb485225446"}
,"C:\\Users\\ABC\\Documents\\aplication\\project-ts-express\\src\\repository\\CommentRepository.ts": {"path":"C:\\Users\\ABC\\Documents\\aplication\\project-ts-express\\src\\repository\\CommentRepository.ts","statementMap":{"0":{"start":{"line":1,"column":11},"end":{"line":1,"column":34}},"1":{"start":{"line":5,"column":8},"end":{"line":10,"column":null}},"2":{"start":{"line":6,"column":27},"end":{"line":6,"column":84}},"3":{"start":{"line":7,"column":12},"end":{"line":7,"column":43}},"4":{"start":{"line":9,"column":12},"end":{"line":9,"column":31}},"5":{"start":{"line":14,"column":8},"end":{"line":19,"column":null}},"6":{"start":{"line":15,"column":28},"end":{"line":15,"column":74}},"7":{"start":{"line":16,"column":12},"end":{"line":16,"column":45}},"8":{"start":{"line":18,"column":12},"end":{"line":18,"column":31}},"9":{"start":{"line":23,"column":8},"end":{"line":29,"column":null}},"10":{"start":{"line":24,"column":12},"end":{"line":26,"column":15}},"11":{"start":{"line":28,"column":12},"end":{"line":28,"column":31}},"12":{"start":{"line":33,"column":8},"end":{"line":39,"column":null}},"13":{"start":{"line":34,"column":12},"end":{"line":36,"column":15}},"14":{"start":{"line":38,"column":12},"end":{"line":38,"column":31}},"15":{"start":{"line":43,"column":8},"end":{"line":48,"column":null}},"16":{"start":{"line":44,"column":12},"end":{"line":44,"column":111}},"17":{"start":{"line":46,"column":12},"end":{"line":46,"column":31}},"18":{"start":{"line":47,"column":12},"end":{"line":47,"column":22}},"19":{"start":{"line":53,"column":0},"end":{"line":53,"column":33}}},"fnMap":{"0":{"name":"(anonymous_7)","decl":{"start":{"line":4,"column":4},"end":{"line":4,"column":10}},"loc":{"start":{"line":4,"column":80},"end":{"line":11,"column":null}}},"1":{"name":"(anonymous_9)","decl":{"start":{"line":13,"column":11},"end":{"line":13,"column":17}},"loc":{"start":{"line":13,"column":49},"end":{"line":20,"column":null}}},"2":{"name":"(anonymous_11)","decl":{"start":{"line":22,"column":11},"end":{"line":22,"column":17}},"loc":{"start":{"line":22,"column":48},"end":{"line":30,"column":null}}},"3":{"name":"(anonymous_13)","decl":{"start":{"line":32,"column":11},"end":{"line":32,"column":17}},"loc":{"start":{"line":32,"column":61},"end":{"line":40,"column":null}}},"4":{"name":"(anonymous_15)","decl":{"start":{"line":42,"column":11},"end":{"line":42,"column":17}},"loc":{"start":{"line":42,"column":77},"end":{"line":49,"column":null}}}},"branchMap":{"0":{"loc":{"start":{"line":7,"column":19},"end":{"line":7,"column":42}},"type":"cond-expr","locations":[{"start":{"line":7,"column":28},"end":{"line":7,"column":34}},{"start":{"line":7,"column":37},"end":{"line":7,"column":42}}]},"1":{"loc":{"start":{"line":16,"column":19},"end":{"line":16,"column":44}},"type":"cond-expr","locations":[{"start":{"line":16,"column":29},"end":{"line":16,"column":36}},{"start":{"line":16,"column":39},"end":{"line":16,"column":44}}]}},"s":{"0":1,"1":2,"2":2,"3":1,"4":1,"5":3,"6":3,"7":2,"8":1,"9":2,"10":2,"11":1,"12":2,"13":2,"14":1,"15":2,"16":2,"17":1,"18":1,"19":1},"f":{"0":2,"1":3,"2":2,"3":2,"4":2},"b":{"0":[1,0],"1":[1,1]}}
,"C:\\Users\\ABC\\Documents\\aplication\\project-ts-express\\src\\repository\\LikeRepository.ts": {"path":"C:\\Users\\ABC\\Documents\\aplication\\project-ts-express\\src\\repository\\LikeRepository.ts","statementMap":{"0":{"start":{"line":1,"column":11},"end":{"line":1,"column":34}},"1":{"start":{"line":5,"column":8},"end":{"line":10,"column":null}},"2":{"start":{"line":6,"column":25},"end":{"line":6,"column":98}},"3":{"start":{"line":7,"column":12},"end":{"line":7,"column":24}},"4":{"start":{"line":9,"column":12},"end":{"line":9,"column":31}},"5":{"start":{"line":14,"column":8},"end":{"line":20,"column":null}},"6":{"start":{"line":15,"column":12},"end":{"line":15,"column":57}},"7":{"start":{"line":16,"column":30},"end":{"line":16,"column":75}},"8":{"start":{"line":17,"column":12},"end":{"line":17,"column":29}},"9":{"start":{"line":19,"column":12},"end":{"line":19,"column":31}},"10":{"start":{"line":24,"column":8},"end":{"line":33,"column":null}},"11":{"start":{"line":25,"column":12},"end":{"line":27,"column":15}},"12":{"start":{"line":29,"column":30},"end":{"line":29,"column":75}},"13":{"start":{"line":30,"column":12},"end":{"line":30,"column":29}},"14":{"start":{"line":32,"column":12},"end":{"line":32,"column":31}},"15":{"start":{"line":37,"column":8},"end":{"line":47,"column":null}},"16":{"start":{"line":38,"column":12},"end":{"line":41,"column":14}},"17":{"start":{"line":43,"column":30},"end":{"line":43,"column":75}},"18":{"start":{"line":44,"column":12},"end":{"line":44,"column":29}},"19":{"start":{"line":46,"column":12},"end":{"line":46,"column":31}},"20":{"start":{"line":51,"column":8},"end":{"line":57,"column":null}},"21":{"start":{"line":52,"column":12},"end":{"line":54,"column":15}},"22":{"start":{"line":56,"column":12},"end":{"line":56,"column":31}},"23":{"start":{"line":61,"column":8},"end":{"line":66,"column":null}},"24":{"start":{"line":62,"column":12},"end":{"line":62,"column":108}},"25":{"start":{"line":64,"column":12},"end":{"line":64,"column":31}},"26":{"start":{"line":65,"column":12},"end":{"line":65,"column":22}},"27":{"start":{"line":71,"column":0},"end":{"line":71,"column":30}}},"fnMap":{"0":{"name":"(anonymous_7)","decl":{"start":{"line":4,"column":11},"end":{"line":4,"column":17}},"loc":{"start":{"line":4,"column":75},"end":{"line":11,"column":null}}},"1":{"name":"(anonymous_9)","decl":{"start":{"line":13,"column":4},"end":{"line":13,"column":10}},"loc":{"start":{"line":13,"column":59},"end":{"line":21,"column":null}}},"2":{"name":"(anonymous_11)","decl":{"start":{"line":23,"column":11},"end":{"line":23,"column":17}},"loc":{"start":{"line":23,"column":66},"end":{"line":34,"column":null}}},"3":{"name":"(anonymous_13)","decl":{"start":{"line":36,"column":11},"end":{"line":36,"column":17}},"loc":{"start":{"line":36,"column":64},"end":{"line":48,"column":null}}},"4":{"name":"(anonymous_15)","decl":{"start":{"line":50,"column":11},"end":{"line":50,"column":17}},"loc":{"start":{"line":50,"column":58},"end":{"line":58,"column":null}}},"5":{"name":"(anonymous_17)","decl":{"start":{"line":60,"column":11},"end":{"line":60,"column":17}},"loc":{"start":{"line":60,"column":74},"end":{"line":67,"column":null}}}},"branchMap":{},"s":{"0":1,"1":3,"2":3,"3":2,"4":1,"5":2,"6":2,"7":1,"8":1,"9":1,"10":2,"11":2,"12":1,"13":1,"14":1,"15":2,"16":2,"17":1,"18":1,"19":1,"20":2,"21":2,"22":1,"23":2,"24":2,"25":1,"26":1,"27":1},"f":{"0":3,"1":2,"2":2,"3":2,"4":2,"5":2},"b":{}}
,"C:\\Users\\ABC\\Documents\\aplication\\project-ts-express\\src\\repository\\ThreadRepository.ts": {"path":"C:\\Users\\ABC\\Documents\\aplication\\project-ts-express\\src\\repository\\ThreadRepository.ts","statementMap":{"0":{"start":{"line":1,"column":0},"end":{"line":1,"column":41}},"1":{"start":{"line":2,"column":11},"end":{"line":2,"column":34}},"2":{"start":{"line":7,"column":8},"end":{"line":38,"column":null}},"3":{"start":{"line":8,"column":28},"end":{"line":34,"column":14}},"4":{"start":{"line":35,"column":12},"end":{"line":35,"column":27}},"5":{"start":{"line":37,"column":12},"end":{"line":37,"column":31}},"6":{"start":{"line":43,"column":8},"end":{"line":48,"column":null}},"7":{"start":{"line":44,"column":27},"end":{"line":44,"column":81}},"8":{"start":{"line":45,"column":12},"end":{"line":45,"column":43}},"9":{"start":{"line":47,"column":12},"end":{"line":47,"column":31}},"10":{"start":{"line":52,"column":8},"end":{"line":87,"column":null}},"11":{"start":{"line":53,"column":27},"end":{"line":83,"column":14}},"12":{"start":{"line":84,"column":12},"end":{"line":84,"column":43}},"13":{"start":{"line":86,"column":12},"end":{"line":86,"column":31}},"14":{"start":{"line":91,"column":8},"end":{"line":96,"column":null}},"15":{"start":{"line":92,"column":27},"end":{"line":92,"column":72}},"16":{"start":{"line":93,"column":12},"end":{"line":93,"column":43}},"17":{"start":{"line":95,"column":12},"end":{"line":95,"column":31}},"18":{"start":{"line":100,"column":8},"end":{"line":107,"column":null}},"19":{"start":{"line":101,"column":12},"end":{"line":104,"column":14}},"20":{"start":{"line":106,"column":12},"end":{"line":106,"column":31}},"21":{"start":{"line":111,"column":8},"end":{"line":117,"column":null}},"22":{"start":{"line":112,"column":12},"end":{"line":114,"column":15}},"23":{"start":{"line":116,"column":12},"end":{"line":116,"column":31}},"24":{"start":{"line":121,"column":8},"end":{"line":127,"column":null}},"25":{"start":{"line":122,"column":12},"end":{"line":124,"column":15}},"26":{"start":{"line":126,"column":12},"end":{"line":126,"column":31}},"27":{"start":{"line":132,"column":8},"end":{"line":137,"column":null}},"28":{"start":{"line":133,"column":12},"end":{"line":133,"column":110}},"29":{"start":{"line":135,"column":12},"end":{"line":135,"column":31}},"30":{"start":{"line":136,"column":12},"end":{"line":136,"column":22}},"31":{"start":{"line":142,"column":0},"end":{"line":142,"column":32}}},"fnMap":{"0":{"name":"(anonymous_7)","decl":{"start":{"line":6,"column":4},"end":{"line":6,"column":10}},"loc":{"start":{"line":6,"column":27},"end":{"line":39,"column":null}}},"1":{"name":"(anonymous_9)","decl":{"start":{"line":42,"column":4},"end":{"line":42,"column":10}},"loc":{"start":{"line":42,"column":85},"end":{"line":49,"column":null}}},"2":{"name":"(anonymous_11)","decl":{"start":{"line":51,"column":4},"end":{"line":51,"column":10}},"loc":{"start":{"line":51,"column":45},"end":{"line":88,"column":null}}},"3":{"name":"(anonymous_13)","decl":{"start":{"line":90,"column":11},"end":{"line":90,"column":17}},"loc":{"start":{"line":90,"column":48},"end":{"line":97,"column":null}}},"4":{"name":"(anonymous_15)","decl":{"start":{"line":99,"column":11},"end":{"line":99,"column":17}},"loc":{"start":{"line":99,"column":76},"end":{"line":108,"column":null}}},"5":{"name":"(anonymous_17)","decl":{"start":{"line":110,"column":11},"end":{"line":110,"column":17}},"loc":{"start":{"line":110,"column":47},"end":{"line":118,"column":null}}},"6":{"name":"(anonymous_19)","decl":{"start":{"line":120,"column":11},"end":{"line":120,"column":17}},"loc":{"start":{"line":120,"column":60},"end":{"line":128,"column":null}}},"7":{"name":"(anonymous_21)","decl":{"start":{"line":131,"column":11},"end":{"line":131,"column":17}},"loc":{"start":{"line":131,"column":76},"end":{"line":138,"column":null}}}},"branchMap":{"0":{"loc":{"start":{"line":45,"column":19},"end":{"line":45,"column":42}},"type":"cond-expr","locations":[{"start":{"line":45,"column":28},"end":{"line":45,"column":34}},{"start":{"line":45,"column":37},"end":{"line":45,"column":42}}]},"1":{"loc":{"start":{"line":84,"column":19},"end":{"line":84,"column":42}},"type":"cond-expr","locations":[{"start":{"line":84,"column":28},"end":{"line":84,"column":34}},{"start":{"line":84,"column":37},"end":{"line":84,"column":42}}]},"2":{"loc":{"start":{"line":93,"column":19},"end":{"line":93,"column":42}},"type":"cond-expr","locations":[{"start":{"line":93,"column":28},"end":{"line":93,"column":34}},{"start":{"line":93,"column":37},"end":{"line":93,"column":42}}]}},"s":{"0":1,"1":1,"2":2,"3":2,"4":1,"5":1,"6":2,"7":2,"8":1,"9":1,"10":2,"11":2,"12":1,"13":1,"14":3,"15":3,"16":2,"17":1,"18":2,"19":2,"20":1,"21":2,"22":2,"23":1,"24":2,"25":2,"26":1,"27":2,"28":2,"29":1,"30":1,"31":1},"f":{"0":2,"1":2,"2":2,"3":3,"4":2,"5":2,"6":2,"7":2},"b":{"0":[1,0],"1":[1,0],"2":[1,1]}}
,"C:\\Users\\ABC\\Documents\\aplication\\project-ts-express\\src\\repository\\UserRepository.ts": {"path":"C:\\Users\\ABC\\Documents\\aplication\\project-ts-express\\src\\repository\\UserRepository.ts","statementMap":{"0":{"start":{"line":1,"column":11},"end":{"line":1,"column":34}},"1":{"start":{"line":5,"column":8},"end":{"line":14,"column":null}},"2":{"start":{"line":6,"column":26},"end":{"line":10,"column":14}},"3":{"start":{"line":11,"column":12},"end":{"line":11,"column":25}},"4":{"start":{"line":13,"column":12},"end":{"line":13,"column":31}},"5":{"start":{"line":18,"column":8},"end":{"line":26,"column":null}},"6":{"start":{"line":19,"column":25},"end":{"line":22,"column":14}},"7":{"start":{"line":23,"column":12},"end":{"line":23,"column":39}},"8":{"start":{"line":25,"column":12},"end":{"line":25,"column":31}},"9":{"start":{"line":30,"column":8},"end":{"line":36,"column":null}},"10":{"start":{"line":31,"column":12},"end":{"line":33,"column":15}},"11":{"start":{"line":35,"column":12},"end":{"line":35,"column":31}},"12":{"start":{"line":40,"column":8},"end":{"line":45,"column":null}},"13":{"start":{"line":41,"column":25},"end":{"line":41,"column":69}},"14":{"start":{"line":42,"column":12},"end":{"line":42,"column":39}},"15":{"start":{"line":44,"column":12},"end":{"line":44,"column":31}},"16":{"start":{"line":49,"column":8},"end":{"line":54,"column":null}},"17":{"start":{"line":50,"column":25},"end":{"line":50,"column":71}},"18":{"start":{"line":51,"column":12},"end":{"line":51,"column":24}},"19":{"start":{"line":53,"column":12},"end":{"line":53,"column":31}},"20":{"start":{"line":58,"column":8},"end":{"line":66,"column":null}},"21":{"start":{"line":59,"column":25},"end":{"line":62,"column":14}},"22":{"start":{"line":63,"column":12},"end":{"line":63,"column":24}},"23":{"start":{"line":65,"column":12},"end":{"line":65,"column":31}},"24":{"start":{"line":70,"column":8},"end":{"line":78,"column":null}},"25":{"start":{"line":71,"column":33},"end":{"line":71,"column":45}},"26":{"start":{"line":72,"column":12},"end":{"line":74,"column":null}},"27":{"start":{"line":73,"column":16},"end":{"line":73,"column":44}},"28":{"start":{"line":75,"column":12},"end":{"line":75,"column":61}},"29":{"start":{"line":77,"column":12},"end":{"line":77,"column":31}},"30":{"start":{"line":82,"column":8},"end":{"line":87,"column":null}},"31":{"start":{"line":83,"column":12},"end":{"line":83,"column":97}},"32":{"start":{"line":85,"column":12},"end":{"line":85,"column":31}},"33":{"start":{"line":86,"column":12},"end":{"line":86,"column":22}},"34":{"start":{"line":92,"column":0},"end":{"line":92,"column":30}}},"fnMap":{"0":{"name":"(anonymous_7)","decl":{"start":{"line":4,"column":4},"end":{"line":4,"column":10}},"loc":{"start":{"line":4,"column":25},"end":{"line":15,"column":null}}},"1":{"name":"(anonymous_9)","decl":{"start":{"line":17,"column":4},"end":{"line":17,"column":10}},"loc":{"start":{"line":17,"column":39},"end":{"line":27,"column":null}}},"2":{"name":"(anonymous_11)","decl":{"start":{"line":29,"column":11},"end":{"line":29,"column":17}},"loc":{"start":{"line":29,"column":45},"end":{"line":37,"column":null}}},"3":{"name":"(anonymous_13)","decl":{"start":{"line":39,"column":11},"end":{"line":39,"column":17}},"loc":{"start":{"line":39,"column":66},"end":{"line":46,"column":null}}},"4":{"name":"(anonymous_15)","decl":{"start":{"line":48,"column":11},"end":{"line":48,"column":17}},"loc":{"start":{"line":48,"column":58},"end":{"line":55,"column":null}}},"5":{"name":"(anonymous_17)","decl":{"start":{"line":57,"column":11},"end":{"line":57,"column":17}},"loc":{"start":{"line":57,"column":54},"end":{"line":67,"column":null}}},"6":{"name":"(anonymous_19)","decl":{"start":{"line":69,"column":11},"end":{"line":69,"column":17}},"loc":{"start":{"line":69,"column":86},"end":{"line":79,"column":null}}},"7":{"name":"(anonymous_21)","decl":{"start":{"line":81,"column":11},"end":{"line":81,"column":17}},"loc":{"start":{"line":81,"column":55},"end":{"line":88,"column":null}}}},"branchMap":{"0":{"loc":{"start":{"line":23,"column":19},"end":{"line":23,"column":38}},"type":"cond-expr","locations":[{"start":{"line":23,"column":26},"end":{"line":23,"column":30}},{"start":{"line":23,"column":33},"end":{"line":23,"column":38}}]},"1":{"loc":{"start":{"line":42,"column":19},"end":{"line":42,"column":38}},"type":"cond-expr","locations":[{"start":{"line":42,"column":26},"end":{"line":42,"column":30}},{"start":{"line":42,"column":33},"end":{"line":42,"column":38}}]},"2":{"loc":{"start":{"line":72,"column":12},"end":{"line":74,"column":null}},"type":"if","locations":[{"start":{"line":72,"column":12},"end":{"line":74,"column":null}}]}},"s":{"0":1,"1":2,"2":2,"3":1,"4":1,"5":3,"6":3,"7":2,"8":1,"9":2,"10":2,"11":1,"12":2,"13":2,"14":1,"15":1,"16":2,"17":2,"18":1,"19":1,"20":2,"21":2,"22":1,"23":1,"24":3,"25":3,"26":3,"27":2,"28":3,"29":1,"30":2,"31":2,"32":1,"33":1,"34":1},"f":{"0":2,"1":3,"2":2,"3":2,"4":2,"5":2,"6":3,"7":2},"b":{"0":[1,1],"1":[1,0],"2":[2]}}
}
