TN:
SF:src\config\database.js
FNF:0
FNH:0
DA:1,2
DA:4,2
LF:2
LH:2
BRF:0
BRH:0
end_of_record
TN:
SF:src\db\models\comment.js
FN:5,(anonymous_0)
FN:12,(anonymous_1)
FNF:2
FNH:2
FNDA:2,(anonymous_0)
FNDA:2,(anonymous_1)
DA:4,2
DA:5,2
DA:14,2
DA:15,2
DA:18,2
DA:29,2
LF:6
LH:6
BRF:0
BRH:0
end_of_record
TN:
SF:src\db\models\index.js
FN:21,(anonymous_0)
FN:29,(anonymous_1)
FN:34,(anonymous_2)
FNF:3
FNH:3
FNDA:10,(anonymous_0)
FNDA:8,(anonymous_1)
FNDA:8,(anonymous_2)
DA:3,2
DA:4,2
DA:5,2
DA:6,2
DA:7,2
DA:8,2
DA:9,2
DA:10,2
DA:13,2
DA:14,0
DA:16,2
DA:19,2
DA:22,10
DA:30,8
DA:31,8
DA:34,2
DA:35,8
DA:36,8
DA:40,2
DA:41,2
DA:43,2
LF:21
LH:20
BRDA:8,0,0,2
BRDA:8,0,1,0
BRDA:13,1,0,0
BRDA:13,1,1,2
BRDA:23,2,0,10
BRDA:23,2,1,10
BRDA:23,2,2,8
BRDA:23,2,3,8
BRDA:35,3,0,8
BRDA:35,3,1,0
BRF:10
BRH:7
end_of_record
TN:
SF:src\db\models\like.js
FN:5,(anonymous_0)
FN:12,(anonymous_1)
FNF:2
FNH:2
FNDA:2,(anonymous_0)
FNDA:2,(anonymous_1)
DA:4,2
DA:5,2
DA:14,2
DA:17,2
DA:22,2
DA:35,2
LF:6
LH:6
BRF:0
BRH:0
end_of_record
TN:
SF:src\db\models\thread.js
FN:5,(anonymous_0)
FN:12,(anonymous_1)
FNF:2
FNH:2
FNDA:2,(anonymous_0)
FNDA:2,(anonymous_1)
DA:4,2
DA:5,2
DA:13,2
DA:16,2
DA:19,2
DA:24,2
DA:36,2
LF:7
LH:7
BRF:0
BRH:0
end_of_record
TN:
SF:src\db\models\user.js
FN:5,(anonymous_0)
FN:12,(anonymous_1)
FNF:2
FNH:2
FNDA:2,(anonymous_0)
FNDA:2,(anonymous_1)
DA:4,2
DA:5,2
DA:14,2
DA:18,2
DA:22,2
DA:28,2
DA:48,2
LF:7
LH:7
BRF:0
BRH:0
end_of_record
TN:
SF:src\repository\CommentRepository.ts
FN:4,(anonymous_7)
FN:13,(anonymous_9)
FN:22,(anonymous_11)
FN:32,(anonymous_13)
FN:42,(anonymous_15)
FNF:5
FNH:5
FNDA:2,(anonymous_7)
FNDA:3,(anonymous_9)
FNDA:2,(anonymous_11)
FNDA:2,(anonymous_13)
FNDA:2,(anonymous_15)
DA:1,1
DA:5,2
DA:6,2
DA:7,1
DA:9,1
DA:14,3
DA:15,3
DA:16,2
DA:18,1
DA:23,2
DA:24,2
DA:28,1
DA:33,2
DA:34,2
DA:38,1
DA:43,2
DA:44,2
DA:46,1
DA:47,1
DA:53,1
LF:20
LH:20
BRDA:7,0,0,1
BRDA:7,0,1,0
BRDA:16,1,0,1
BRDA:16,1,1,1
BRF:4
BRH:3
end_of_record
TN:
SF:src\repository\LikeRepository.ts
FN:4,(anonymous_7)
FN:13,(anonymous_9)
FN:23,(anonymous_11)
FN:36,(anonymous_13)
FN:50,(anonymous_15)
FN:60,(anonymous_17)
FNF:6
FNH:6
FNDA:3,(anonymous_7)
FNDA:2,(anonymous_9)
FNDA:2,(anonymous_11)
FNDA:2,(anonymous_13)
FNDA:2,(anonymous_15)
FNDA:2,(anonymous_17)
DA:1,1
DA:5,3
DA:6,3
DA:7,2
DA:9,1
DA:14,2
DA:15,2
DA:16,1
DA:17,1
DA:19,1
DA:24,2
DA:25,2
DA:29,1
DA:30,1
DA:32,1
DA:37,2
DA:38,2
DA:43,1
DA:44,1
DA:46,1
DA:51,2
DA:52,2
DA:56,1
DA:61,2
DA:62,2
DA:64,1
DA:65,1
DA:71,1
LF:28
LH:28
BRF:0
BRH:0
end_of_record
TN:
SF:src\repository\ThreadRepository.ts
FN:6,(anonymous_7)
FN:42,(anonymous_9)
FN:51,(anonymous_11)
FN:90,(anonymous_13)
FN:99,(anonymous_15)
FN:110,(anonymous_17)
FN:120,(anonymous_19)
FN:131,(anonymous_21)
FNF:8
FNH:8
FNDA:2,(anonymous_7)
FNDA:2,(anonymous_9)
FNDA:2,(anonymous_11)
FNDA:3,(anonymous_13)
FNDA:2,(anonymous_15)
FNDA:2,(anonymous_17)
FNDA:2,(anonymous_19)
FNDA:2,(anonymous_21)
DA:1,1
DA:2,1
DA:7,2
DA:8,2
DA:35,1
DA:37,1
DA:43,2
DA:44,2
DA:45,1
DA:47,1
DA:52,2
DA:53,2
DA:84,1
DA:86,1
DA:91,3
DA:92,3
DA:93,2
DA:95,1
DA:100,2
DA:101,2
DA:106,1
DA:111,2
DA:112,2
DA:116,1
DA:121,2
DA:122,2
DA:126,1
DA:132,2
DA:133,2
DA:135,1
DA:136,1
DA:142,1
LF:32
LH:32
BRDA:45,0,0,1
BRDA:45,0,1,0
BRDA:84,1,0,1
BRDA:84,1,1,0
BRDA:93,2,0,1
BRDA:93,2,1,1
BRF:6
BRH:4
end_of_record
TN:
SF:src\repository\UserRepository.ts
FN:4,(anonymous_7)
FN:17,(anonymous_9)
FN:29,(anonymous_11)
FN:39,(anonymous_13)
FN:48,(anonymous_15)
FN:57,(anonymous_17)
FN:69,(anonymous_19)
FN:81,(anonymous_21)
FNF:8
FNH:8
FNDA:2,(anonymous_7)
FNDA:3,(anonymous_9)
FNDA:2,(anonymous_11)
FNDA:2,(anonymous_13)
FNDA:2,(anonymous_15)
FNDA:2,(anonymous_17)
FNDA:3,(anonymous_19)
FNDA:2,(anonymous_21)
DA:1,1
DA:5,2
DA:6,2
DA:11,1
DA:13,1
DA:18,3
DA:19,3
DA:23,2
DA:25,1
DA:30,2
DA:31,2
DA:35,1
DA:40,2
DA:41,2
DA:42,1
DA:44,1
DA:49,2
DA:50,2
DA:51,1
DA:53,1
DA:58,2
DA:59,2
DA:63,1
DA:65,1
DA:70,3
DA:71,3
DA:72,3
DA:73,2
DA:75,3
DA:77,1
DA:82,2
DA:83,2
DA:85,1
DA:86,1
DA:92,1
LF:35
LH:35
BRDA:23,0,0,1
BRDA:23,0,1,1
BRDA:42,1,0,1
BRDA:42,1,1,0
BRDA:72,2,0,2
BRF:5
BRH:4
end_of_record
